<?xml version="1.0" encoding="UTF-8"?>
<!-- Generated by org.testng.reporters.JUnitReportReporter -->
<<<<<<< HEAD
<testsuite ignored="0" hostname="DESKTOP-JTRCS5G" failures="0" tests="2" name="testcases.CreateLead" time="31.482" errors="0" timestamp="23 May 2023 14:54:48 GMT" skipped="0">
  <testcase classname="testcases.CreateLead" name="createLead" time="16.326"/>
  <testcase classname="testcases.CreateLead" name="createLead" time="15.156"/>
=======
<testsuite name="testcases.CreateLead" tests="2" time="184.003" ignored="0" failures="0" timestamp="22 May 2023 14:16:25 GMT" skipped="0" hostname="DESKTOP-2PIKAKN" errors="0">
  <testcase name="createLead" time="20.952" classname="testcases.CreateLead"/>
  <testcase name="createLead" time="163.051" classname="testcases.CreateLead"/>
>>>>>>> 739d32622003ec9df2b90310a82070b60485804b
</testsuite> <!-- testcases.CreateLead -->
